[debug] [2024-06-30T14:43:52.343Z] ----------------------------------------------------------------------
[debug] [2024-06-30T14:43:52.344Z] Command:       /usr/local/bin/firebase /Users/macbookairbrpm/.cache/firebase/tools/lib/node_modules/firebase-tools/lib/bin/firebase init
[debug] [2024-06-30T14:43:52.344Z] CLI Version:   13.12.0
[debug] [2024-06-30T14:43:52.344Z] Platform:      darwin
[debug] [2024-06-30T14:43:52.345Z] Node Version:  v18.5.0
[debug] [2024-06-30T14:43:52.350Z] Time:          Sun Jun 30 2024 17:43:52 GMT+0300 (GMT+03:00)
[debug] [2024-06-30T14:43:52.350Z] ----------------------------------------------------------------------
[debug] 
[debug] [2024-06-30T14:43:52.449Z] > command requires scopes: ["email","openid","https://www.googleapis.com/auth/cloudplatformprojects.readonly","https://www.googleapis.com/auth/firebase","https://www.googleapis.com/auth/cloud-platform"]
[debug] [2024-06-30T14:43:52.451Z] > authorizing via signed-in user (savvagp@gmail.com)
[info] 
     ######## #### ########  ######## ########     ###     ######  ########
     ##        ##  ##     ## ##       ##     ##  ##   ##  ##       ##
     ######    ##  ########  ######   ########  #########  ######  ######
     ##        ##  ##    ##  ##       ##     ## ##     ##       ## ##
     ##       #### ##     ## ######## ########  ##     ##  ######  ########

You're about to initialize a Firebase project in this directory:

  /Users/macbookairbrpm/Documents/GitHub/Flanner

Before we get started, keep in mind:

  * You are initializing within an existing Firebase project directory

